Warning message:
package 'rlist' was built under R version 4.1.3 
! Using an auto-discovered, cached token.
  To suppress this message, modify your code or options to clearly consent to
  the use of a cached token.
  See gargle's "Non-interactive auth" vignette for more details:
  <https://gargle.r-lib.org/articles/non-interactive-auth.html>
i The googledrive package is using a cached token for 'el.meletis@gmail.com'.
Auto-refreshing stale OAuth token.
File downloaded:
* 'Dataset Cases UTH_Official'
  <id: 1gdWDhELYMU0lmCQz3po3Ydb7Eb1gF7j_NCs_xluCXQI>
Saved locally as:
* 'C:/Users/LefMel/Documents/EVI Uth\file34f425fdb4.zip'
Warning message:
package 'rlist' was built under R version 4.1.3 
! Using an auto-discovered, cached token.
  To suppress this message, modify your code or options to clearly consent to
  the use of a cached token.
  See gargle's "Non-interactive auth" vignette for more details:
  <https://gargle.r-lib.org/articles/non-interactive-auth.html>
i The googledrive package is using a cached token for 'el.meletis@gmail.com'.
File downloaded:
* 'Dataset Cases UTH_Official'
  <id: 1gdWDhELYMU0lmCQz3po3Ydb7Eb1gF7j_NCs_xluCXQI>
Saved locally as:
* 'C:/Users/LefMel/Documents/EVI Uth\file11f47d25178.zip'
Warning message:
package 'rlist' was built under R version 4.1.3 
! Using an auto-discovered, cached token.
  To suppress this message, modify your code or options to clearly consent to
  the use of a cached token.
  See gargle's "Non-interactive auth" vignette for more details:
  <https://gargle.r-lib.org/articles/non-interactive-auth.html>
i The googledrive package is using a cached token for 'el.meletis@gmail.com'.
File downloaded:
* 'Dataset Cases UTH_Official'
  <id: 1gdWDhELYMU0lmCQz3po3Ydb7Eb1gF7j_NCs_xluCXQI>
Saved locally as:
* 'C:/Users/LefMel/Documents/EVI Uth\file255c544e23c.zip'
Warning message:
package 'rlist' was built under R version 4.1.3 
! Using an auto-discovered, cached token.
  To suppress this message, modify your code or options to clearly consent to
  the use of a cached token.
  See gargle's "Non-interactive auth" vignette for more details:
  <https://gargle.r-lib.org/articles/non-interactive-auth.html>
i The googledrive package is using a cached token for 'el.meletis@gmail.com'.
File downloaded:
* 'Dataset Cases UTH_Official'
  <id: 1gdWDhELYMU0lmCQz3po3Ydb7Eb1gF7j_NCs_xluCXQI>
Saved locally as:
* 'C:/Users/LefMel/Documents/EVI Uth\file2ca42b76300.zip'
Warning message:
package 'rlist' was built under R version 4.1.3 
! Using an auto-discovered, cached token.
  To suppress this message, modify your code or options to clearly consent to
  the use of a cached token.
  See gargle's "Non-interactive auth" vignette for more details:
  <https://gargle.r-lib.org/articles/non-interactive-auth.html>
i The googledrive package is using a cached token for 'el.meletis@gmail.com'.
File downloaded:
* 'Dataset Cases UTH_Official'
  <id: 1gdWDhELYMU0lmCQz3po3Ydb7Eb1gF7j_NCs_xluCXQI>
Saved locally as:
* 'C:/Users/LefMel/Documents/EVI Uth\file247829e3c4.zip'
Warning message:
package 'rlist' was built under R version 4.1.3 
! Using an auto-discovered, cached token.
  To suppress this message, modify your code or options to clearly consent to
  the use of a cached token.
  See gargle's "Non-interactive auth" vignette for more details:
  <https://gargle.r-lib.org/articles/non-interactive-auth.html>
i The googledrive package is using a cached token for 'el.meletis@gmail.com'.
File downloaded:
* 'Dataset Cases UTH_Official'
  <id: 1gdWDhELYMU0lmCQz3po3Ydb7Eb1gF7j_NCs_xluCXQI>
Saved locally as:
* 'C:/Users/LefMel/Documents/EVI Uth\file1c3459c7488.zip'
Warning message:
package 'rlist' was built under R version 4.1.3 
! Using an auto-discovered, cached token.
  To suppress this message, modify your code or options to clearly consent to
  the use of a cached token.
  See gargle's "Non-interactive auth" vignette for more details:
  <https://gargle.r-lib.org/articles/non-interactive-auth.html>
i The googledrive package is using a cached token for 'el.meletis@gmail.com'.
File downloaded:
* 'Dataset Cases UTH_Official'
  <id: 1gdWDhELYMU0lmCQz3po3Ydb7Eb1gF7j_NCs_xluCXQI>
Saved locally as:
* 'C:/Users/LefMel/Documents/EVI Uth\file2f6c30ef54c.zip'
Warning message:
package 'rlist' was built under R version 4.1.3 
! Using an auto-discovered, cached token.
  To suppress this message, modify your code or options to clearly consent to
  the use of a cached token.
  See gargle's "Non-interactive auth" vignette for more details:
  <https://gargle.r-lib.org/articles/non-interactive-auth.html>
i The googledrive package is using a cached token for 'el.meletis@gmail.com'.
File downloaded:
* 'Dataset Cases UTH_Official'
  <id: 1gdWDhELYMU0lmCQz3po3Ydb7Eb1gF7j_NCs_xluCXQI>
Saved locally as:
* 'C:/Users/LefMel/Documents/EVI Uth\file1ff0818610.zip'
Warning message:
package 'rlist' was built under R version 4.1.3 
! Using an auto-discovered, cached token.
  To suppress this message, modify your code or options to clearly consent to
  the use of a cached token.
  See gargle's "Non-interactive auth" vignette for more details:
  <https://gargle.r-lib.org/articles/non-interactive-auth.html>
i The googledrive package is using a cached token for 'el.meletis@gmail.com'.
File downloaded:
* 'Dataset Cases UTH_Official'
  <id: 1gdWDhELYMU0lmCQz3po3Ydb7Eb1gF7j_NCs_xluCXQI>
Saved locally as:
* 'C:/Users/LefMel/Documents/EVI Uth\file2fc45f406d4.zip'
Warning message:
package 'rlist' was built under R version 4.1.3 
! Using an auto-discovered, cached token.
  To suppress this message, modify your code or options to clearly consent to
  the use of a cached token.
  See gargle's "Non-interactive auth" vignette for more details:
  <https://gargle.r-lib.org/articles/non-interactive-auth.html>
i The googledrive package is using a cached token for 'el.meletis@gmail.com'.
File downloaded:
* 'Dataset Cases UTH_Official'
  <id: 1gdWDhELYMU0lmCQz3po3Ydb7Eb1gF7j_NCs_xluCXQI>
Saved locally as:
* 'C:/Users/LefMel/Documents/EVI Uth\file27ac3668798.zip'
Warning message:
package 'rlist' was built under R version 4.1.3 
! Using an auto-discovered, cached token.
  To suppress this message, modify your code or options to clearly consent to
  the use of a cached token.
  See gargle's "Non-interactive auth" vignette for more details:
  <https://gargle.r-lib.org/articles/non-interactive-auth.html>
i The googledrive package is using a cached token for 'el.meletis@gmail.com'.
File downloaded:
* 'Dataset Cases UTH_Official'
  <id: 1gdWDhELYMU0lmCQz3po3Ydb7Eb1gF7j_NCs_xluCXQI>
Saved locally as:
* 'C:/Users/LefMel/Documents/EVI Uth\file3420d9185c.zip'
Warning message:
package 'rlist' was built under R version 4.1.3 
! Using an auto-discovered, cached token.
  To suppress this message, modify your code or options to clearly consent to
  the use of a cached token.
  See gargle's "Non-interactive auth" vignette for more details:
  <https://gargle.r-lib.org/articles/non-interactive-auth.html>
i The googledrive package is using a cached token for 'el.meletis@gmail.com'.
File downloaded:
* 'Dataset Cases UTH_Official'
  <id: 1gdWDhELYMU0lmCQz3po3Ydb7Eb1gF7j_NCs_xluCXQI>
Saved locally as:
* 'C:/Users/LefMel/Documents/EVI Uth\file12fc64b991f.zip'
Warning message:
package 'rlist' was built under R version 4.1.3 
! Using an auto-discovered, cached token.
  To suppress this message, modify your code or options to clearly consent to
  the use of a cached token.
  See gargle's "Non-interactive auth" vignette for more details:
  <https://gargle.r-lib.org/articles/non-interactive-auth.html>
i The googledrive package is using a cached token for 'el.meletis@gmail.com'.
File downloaded:
* 'Dataset Cases UTH_Official'
  <id: 1gdWDhELYMU0lmCQz3po3Ydb7Eb1gF7j_NCs_xluCXQI>
Saved locally as:
* 'C:/Users/LefMel/Documents/EVI Uth\file31943be19e3.zip'
Warning message:
package 'rlist' was built under R version 4.1.3 
! Using an auto-discovered, cached token.
  To suppress this message, modify your code or options to clearly consent to
  the use of a cached token.
  See gargle's "Non-interactive auth" vignette for more details:
  <https://gargle.r-lib.org/articles/non-interactive-auth.html>
i The googledrive package is using a cached token for 'el.meletis@gmail.com'.
File downloaded:
* 'Dataset Cases UTH_Official'
  <id: 1gdWDhELYMU0lmCQz3po3Ydb7Eb1gF7j_NCs_xluCXQI>
Saved locally as:
* 'C:/Users/LefMel/Documents/EVI Uth\file37e4130aaa7.zip'
Warning message:
package 'rlist' was built under R version 4.1.3 
! Using an auto-discovered, cached token.
  To suppress this message, modify your code or options to clearly consent to
  the use of a cached token.
  See gargle's "Non-interactive auth" vignette for more details:
  <https://gargle.r-lib.org/articles/non-interactive-auth.html>
i The googledrive package is using a cached token for 'el.meletis@gmail.com'.
File downloaded:
* 'Dataset Cases UTH_Official'
  <id: 1gdWDhELYMU0lmCQz3po3Ydb7Eb1gF7j_NCs_xluCXQI>
Saved locally as:
* 'C:/Users/LefMel/Documents/EVI Uth\file2cb06a32b6b.zip'
Warning message:
package 'rlist' was built under R version 4.1.3 
! Using an auto-discovered, cached token.
  To suppress this message, modify your code or options to clearly consent to
  the use of a cached token.
  See gargle's "Non-interactive auth" vignette for more details:
  <https://gargle.r-lib.org/articles/non-interactive-auth.html>
i The googledrive package is using a cached token for 'el.meletis@gmail.com'.
File downloaded:
* 'Dataset Cases UTH_Official'
  <id: 1gdWDhELYMU0lmCQz3po3Ydb7Eb1gF7j_NCs_xluCXQI>
Saved locally as:
* 'C:/Users/LefMel/Documents/EVI Uth\file2434415bc2f.zip'
Warning message:
package 'rlist' was built under R version 4.1.3 
! Using an auto-discovered, cached token.
  To suppress this message, modify your code or options to clearly consent to
  the use of a cached token.
  See gargle's "Non-interactive auth" vignette for more details:
  <https://gargle.r-lib.org/articles/non-interactive-auth.html>
i The googledrive package is using a cached token for 'el.meletis@gmail.com'.
File downloaded:
* 'Dataset Cases UTH_Official'
  <id: 1gdWDhELYMU0lmCQz3po3Ydb7Eb1gF7j_NCs_xluCXQI>
Saved locally as:
* 'C:/Users/LefMel/Documents/EVI Uth\file31001883cf3.zip'
Warning message:
package 'rlist' was built under R version 4.1.3 
! Using an auto-discovered, cached token.
  To suppress this message, modify your code or options to clearly consent to
  the use of a cached token.
  See gargle's "Non-interactive auth" vignette for more details:
  <https://gargle.r-lib.org/articles/non-interactive-auth.html>
i The googledrive package is using a cached token for 'el.meletis@gmail.com'.
File downloaded:
* 'Dataset Cases UTH_Official'
  <id: 1gdWDhELYMU0lmCQz3po3Ydb7Eb1gF7j_NCs_xluCXQI>
Saved locally as:
* 'C:/Users/LefMel/Documents/EVI Uth\file35606fabdb7.zip'
Warning message:
package 'rlist' was built under R version 4.1.3 
! Using an auto-discovered, cached token.
  To suppress this message, modify your code or options to clearly consent to
  the use of a cached token.
  See gargle's "Non-interactive auth" vignette for more details:
  <https://gargle.r-lib.org/articles/non-interactive-auth.html>
i The googledrive package is using a cached token for 'el.meletis@gmail.com'.
File downloaded:
* 'Dataset Cases UTH_Official'
  <id: 1gdWDhELYMU0lmCQz3po3Ydb7Eb1gF7j_NCs_xluCXQI>
Saved locally as:
* 'C:/Users/LefMel/Documents/EVI Uth\file371846d4e7b.zip'
Warning message:
package 'rlist' was built under R version 4.1.3 
! Using an auto-discovered, cached token.
  To suppress this message, modify your code or options to clearly consent to
  the use of a cached token.
  See gargle's "Non-interactive auth" vignette for more details:
  <https://gargle.r-lib.org/articles/non-interactive-auth.html>
i The googledrive package is using a cached token for 'el.meletis@gmail.com'.
File downloaded:
* 'Dataset Cases UTH_Official'
  <id: 1gdWDhELYMU0lmCQz3po3Ydb7Eb1gF7j_NCs_xluCXQI>
Saved locally as:
* 'C:/Users/LefMel/Documents/EVI Uth\file2eec1dfcf3f.zip'
Warning message:
package 'rlist' was built under R version 4.1.3 
! Using an auto-discovered, cached token.
  To suppress this message, modify your code or options to clearly consent to
  the use of a cached token.
  See gargle's "Non-interactive auth" vignette for more details:
  <https://gargle.r-lib.org/articles/non-interactive-auth.html>
i The googledrive package is using a cached token for 'el.meletis@gmail.com'.
File downloaded:
* 'Dataset Cases UTH_Official'
  <id: 1gdWDhELYMU0lmCQz3po3Ydb7Eb1gF7j_NCs_xluCXQI>
Saved locally as:
* 'C:/Users/LefMel/Documents/EVI Uth\file228475251003.zip'
Warning message:
package 'rlist' was built under R version 4.1.3 
! Using an auto-discovered, cached token.
  To suppress this message, modify your code or options to clearly consent to
  the use of a cached token.
  See gargle's "Non-interactive auth" vignette for more details:
  <https://gargle.r-lib.org/articles/non-interactive-auth.html>
i The googledrive package is using a cached token for 'el.meletis@gmail.com'.
File downloaded:
* 'Dataset Cases UTH_Official'
  <id: 1gdWDhELYMU0lmCQz3po3Ydb7Eb1gF7j_NCs_xluCXQI>
Saved locally as:
* 'C:/Users/LefMel/Documents/EVI Uth\file30e84c4d10c7.zip'
Warning message:
package 'rlist' was built under R version 4.1.3 
! Using an auto-discovered, cached token.
  To suppress this message, modify your code or options to clearly consent to
  the use of a cached token.
  See gargle's "Non-interactive auth" vignette for more details:
  <https://gargle.r-lib.org/articles/non-interactive-auth.html>
i The googledrive package is using a cached token for 'el.meletis@gmail.com'.
File downloaded:
* 'Dataset Cases UTH_Official'
  <id: 1gdWDhELYMU0lmCQz3po3Ydb7Eb1gF7j_NCs_xluCXQI>
Saved locally as:
* 'C:/Users/LefMel/Documents/EVI Uth\file2f282375118b.zip'
Warning message:
package 'rlist' was built under R version 4.1.3 
! Using an auto-discovered, cached token.
  To suppress this message, modify your code or options to clearly consent to
  the use of a cached token.
  See gargle's "Non-interactive auth" vignette for more details:
  <https://gargle.r-lib.org/articles/non-interactive-auth.html>
i The googledrive package is using a cached token for 'el.meletis@gmail.com'.
File downloaded:
* 'Dataset Cases UTH_Official'
  <id: 1gdWDhELYMU0lmCQz3po3Ydb7Eb1gF7j_NCs_xluCXQI>
Saved locally as:
* 'C:/Users/LefMel/Documents/EVI Uth\file22587a9e124f.zip'
Warning message:
package 'rlist' was built under R version 4.1.3 
! Using an auto-discovered, cached token.
  To suppress this message, modify your code or options to clearly consent to
  the use of a cached token.
  See gargle's "Non-interactive auth" vignette for more details:
  <https://gargle.r-lib.org/articles/non-interactive-auth.html>
i The googledrive package is using a cached token for 'el.meletis@gmail.com'.
File downloaded:
* 'Dataset Cases UTH_Official'
  <id: 1gdWDhELYMU0lmCQz3po3Ydb7Eb1gF7j_NCs_xluCXQI>
Saved locally as:
* 'C:/Users/LefMel/Documents/EVI Uth\file376451c61313.zip'
Warning message:
package 'rlist' was built under R version 4.1.3 
! Using an auto-discovered, cached token.
  To suppress this message, modify your code or options to clearly consent to
  the use of a cached token.
  See gargle's "Non-interactive auth" vignette for more details:
  <https://gargle.r-lib.org/articles/non-interactive-auth.html>
i The googledrive package is using a cached token for 'el.meletis@gmail.com'.
File downloaded:
* 'Dataset Cases UTH_Official'
  <id: 1gdWDhELYMU0lmCQz3po3Ydb7Eb1gF7j_NCs_xluCXQI>
Saved locally as:
* 'C:/Users/LefMel/Documents/EVI Uth\file144c28ee13d7.zip'
Warning message:
package 'rlist' was built under R version 4.1.3 
! Using an auto-discovered, cached token.
  To suppress this message, modify your code or options to clearly consent to
  the use of a cached token.
  See gargle's "Non-interactive auth" vignette for more details:
  <https://gargle.r-lib.org/articles/non-interactive-auth.html>
i The googledrive package is using a cached token for 'el.meletis@gmail.com'.
File downloaded:
* 'Dataset Cases UTH_Official'
  <id: 1gdWDhELYMU0lmCQz3po3Ydb7Eb1gF7j_NCs_xluCXQI>
Saved locally as:
* 'C:/Users/LefMel/Documents/EVI Uth\file181c17149b.zip'
Warning message:
package 'rlist' was built under R version 4.1.3 
! Using an auto-discovered, cached token.
  To suppress this message, modify your code or options to clearly consent to
  the use of a cached token.
  See gargle's "Non-interactive auth" vignette for more details:
  <https://gargle.r-lib.org/articles/non-interactive-auth.html>
i The googledrive package is using a cached token for 'el.meletis@gmail.com'.
File downloaded:
* 'Dataset Cases UTH_Official'
  <id: 1gdWDhELYMU0lmCQz3po3Ydb7Eb1gF7j_NCs_xluCXQI>
Saved locally as:
* 'C:/Users/LefMel/Documents/EVI Uth\file12d4573f155e.zip'
Warning message:
package 'rlist' was built under R version 4.1.3 
! Using an auto-discovered, cached token.
  To suppress this message, modify your code or options to clearly consent to
  the use of a cached token.
  See gargle's "Non-interactive auth" vignette for more details:
  <https://gargle.r-lib.org/articles/non-interactive-auth.html>
i The googledrive package is using a cached token for 'el.meletis@gmail.com'.
File downloaded:
* 'Dataset Cases UTH_Official'
  <id: 1gdWDhELYMU0lmCQz3po3Ydb7Eb1gF7j_NCs_xluCXQI>
Saved locally as:
* 'C:/Users/LefMel/Documents/EVI Uth\file1d202e681622.zip'
Warning message:
package 'rlist' was built under R version 4.1.3 
! Using an auto-discovered, cached token.
  To suppress this message, modify your code or options to clearly consent to
  the use of a cached token.
  See gargle's "Non-interactive auth" vignette for more details:
  <https://gargle.r-lib.org/articles/non-interactive-auth.html>
i The googledrive package is using a cached token for 'el.meletis@gmail.com'.
File downloaded:
* 'Dataset Cases UTH_Official'
  <id: 1gdWDhELYMU0lmCQz3po3Ydb7Eb1gF7j_NCs_xluCXQI>
Saved locally as:
* 'C:/Users/LefMel/Documents/EVI Uth\file335459016e6.zip'
Warning message:
package 'rlist' was built under R version 4.1.3 
! Using an auto-discovered, cached token.
  To suppress this message, modify your code or options to clearly consent to
  the use of a cached token.
  See gargle's "Non-interactive auth" vignette for more details:
  <https://gargle.r-lib.org/articles/non-interactive-auth.html>
i The googledrive package is using a cached token for 'el.meletis@gmail.com'.
File downloaded:
* 'Dataset Cases UTH_Official'
  <id: 1gdWDhELYMU0lmCQz3po3Ydb7Eb1gF7j_NCs_xluCXQI>
Saved locally as:
* 'C:/Users/LefMel/Documents/EVI Uth\file65c5cb817aa.zip'
Warning message:
package 'rlist' was built under R version 4.1.3 
! Using an auto-discovered, cached token.
  To suppress this message, modify your code or options to clearly consent to
  the use of a cached token.
  See gargle's "Non-interactive auth" vignette for more details:
  <https://gargle.r-lib.org/articles/non-interactive-auth.html>
i The googledrive package is using a cached token for 'el.meletis@gmail.com'.
File downloaded:
* 'Dataset Cases UTH_Official'
  <id: 1gdWDhELYMU0lmCQz3po3Ydb7Eb1gF7j_NCs_xluCXQI>
Saved locally as:
* 'C:/Users/LefMel/Documents/EVI Uth\file33d833e1186e.zip'
Warning message:
package 'rlist' was built under R version 4.1.3 
! Using an auto-discovered, cached token.
  To suppress this message, modify your code or options to clearly consent to
  the use of a cached token.
  See gargle's "Non-interactive auth" vignette for more details:
  <https://gargle.r-lib.org/articles/non-interactive-auth.html>
i The googledrive package is using a cached token for 'el.meletis@gmail.com'.
File downloaded:
* 'Dataset Cases UTH_Official'
  <id: 1gdWDhELYMU0lmCQz3po3Ydb7Eb1gF7j_NCs_xluCXQI>
Saved locally as:
* 'C:/Users/LefMel/Documents/EVI Uth\file28bcb091932.zip'
Warning message:
package 'rlist' was built under R version 4.1.3 
! Using an auto-discovered, cached token.
  To suppress this message, modify your code or options to clearly consent to
  the use of a cached token.
  See gargle's "Non-interactive auth" vignette for more details:
  <https://gargle.r-lib.org/articles/non-interactive-auth.html>
i The googledrive package is using a cached token for 'el.meletis@gmail.com'.
Auto-refreshing stale OAuth token.
File downloaded:
* 'Dataset Cases UTH_Official'
  <id: 1gdWDhELYMU0lmCQz3po3Ydb7Eb1gF7j_NCs_xluCXQI>
Saved locally as:
* 'C:/Users/LefMel/Documents/EVI Uth\file30ec6a9c2f64.zip'
Warning message:
package 'rlist' was built under R version 4.1.3 
! Using an auto-discovered, cached token.
  To suppress this message, modify your code or options to clearly consent to
  the use of a cached token.
  See gargle's "Non-interactive auth" vignette for more details:
  <https://gargle.r-lib.org/articles/non-interactive-auth.html>
i The googledrive package is using a cached token for 'el.meletis@gmail.com'.
File downloaded:
* 'Dataset Cases UTH_Official'
  <id: 1gdWDhELYMU0lmCQz3po3Ydb7Eb1gF7j_NCs_xluCXQI>
Saved locally as:
* 'C:/Users/LefMel/Documents/EVI Uth\file351441c53028.zip'
Warning message:
package 'rlist' was built under R version 4.1.3 
! Using an auto-discovered, cached token.
  To suppress this message, modify your code or options to clearly consent to
  the use of a cached token.
  See gargle's "Non-interactive auth" vignette for more details:
  <https://gargle.r-lib.org/articles/non-interactive-auth.html>
i The googledrive package is using a cached token for 'el.meletis@gmail.com'.
^C^CWarning message:
package 'rlist' was built under R version 4.1.3 
! Using an auto-discovered, cached token.
  To suppress this message, modify your code or options to clearly consent to
  the use of a cached token.
  See gargle's "Non-interactive auth" vignette for more details:
  <https://gargle.r-lib.org/articles/non-interactive-auth.html>
i The googledrive package is using a cached token for 'el.meletis@gmail.com'.
File downloaded:
* 'Dataset Cases UTH_Official'
  <id: 1gdWDhELYMU0lmCQz3po3Ydb7Eb1gF7j_NCs_xluCXQI>
Saved locally as:
* 'C:/Users/LefMel/Documents/EVI Uth\file34b0701531b0.zip'
Warning message:
package 'rlist' was built under R version 4.1.3 
! Using an auto-discovered, cached token.
  To suppress this message, modify your code or options to clearly consent to
  the use of a cached token.
  See gargle's "Non-interactive auth" vignette for more details:
  <https://gargle.r-lib.org/articles/non-interactive-auth.html>
i The googledrive package is using a cached token for 'el.meletis@gmail.com'.
File downloaded:
* 'Dataset Cases UTH_Official'
  <id: 1gdWDhELYMU0lmCQz3po3Ydb7Eb1gF7j_NCs_xluCXQI>
Saved locally as:
* 'C:/Users/LefMel/Documents/EVI Uth\file37dc473e3274.zip'
Warning message:
package 'rlist' was built under R version 4.1.3 
! Using an auto-discovered, cached token.
  To suppress this message, modify your code or options to clearly consent to
  the use of a cached token.
  See gargle's "Non-interactive auth" vignette for more details:
  <https://gargle.r-lib.org/articles/non-interactive-auth.html>
i The googledrive package is using a cached token for 'el.meletis@gmail.com'.
^C^CWarning message:
package 'rlist' was built under R version 4.1.3 
! Using an auto-discovered, cached token.
  To suppress this message, modify your code or options to clearly consent to
  the use of a cached token.
  See gargle's "Non-interactive auth" vignette for more details:
  <https://gargle.r-lib.org/articles/non-interactive-auth.html>
i The googledrive package is using a cached token for 'el.meletis@gmail.com'.
File downloaded:
* 'Dataset Cases UTH_Official'
  <id: 1gdWDhELYMU0lmCQz3po3Ydb7Eb1gF7j_NCs_xluCXQI>
Saved locally as:
* 'C:/Users/LefMel/Documents/EVI Uth\file20758f33fc.zip'
Warning message:
package 'rlist' was built under R version 4.1.3 
! Using an auto-discovered, cached token.
  To suppress this message, modify your code or options to clearly consent to
  the use of a cached token.
  See gargle's "Non-interactive auth" vignette for more details:
  <https://gargle.r-lib.org/articles/non-interactive-auth.html>
i The googledrive package is using a cached token for 'el.meletis@gmail.com'.
File downloaded:
* 'Dataset Cases UTH_Official'
  <id: 1gdWDhELYMU0lmCQz3po3Ydb7Eb1gF7j_NCs_xluCXQI>
Saved locally as:
* 'C:/Users/LefMel/Documents/EVI Uth\file33ac4cb734c0.zip'
Warning message:
package 'rlist' was built under R version 4.1.3 
! Using an auto-discovered, cached token.
  To suppress this message, modify your code or options to clearly consent to
  the use of a cached token.
  See gargle's "Non-interactive auth" vignette for more details:
  <https://gargle.r-lib.org/articles/non-interactive-auth.html>
i The googledrive package is using a cached token for 'el.meletis@gmail.com'.
File downloaded:
* 'Dataset Cases UTH_Official'
  <id: 1gdWDhELYMU0lmCQz3po3Ydb7Eb1gF7j_NCs_xluCXQI>
Saved locally as:
* 'C:/Users/LefMel/Documents/EVI Uth\file117c23df3584.zip'
Warning message:
package 'rlist' was built under R version 4.1.3 
! Using an auto-discovered, cached token.
  To suppress this message, modify your code or options to clearly consent to
  the use of a cached token.
  See gargle's "Non-interactive auth" vignette for more details:
  <https://gargle.r-lib.org/articles/non-interactive-auth.html>
i The googledrive package is using a cached token for 'el.meletis@gmail.com'.
File downloaded:
* 'Dataset Cases UTH_Official'
  <id: 1gdWDhELYMU0lmCQz3po3Ydb7Eb1gF7j_NCs_xluCXQI>
Saved locally as:
* 'C:/Users/LefMel/Documents/EVI Uth\file36207b083648.zip'
Warning message:
package 'rlist' was built under R version 4.1.3 
! Using an auto-discovered, cached token.
  To suppress this message, modify your code or options to clearly consent to
  the use of a cached token.
  See gargle's "Non-interactive auth" vignette for more details:
  <https://gargle.r-lib.org/articles/non-interactive-auth.html>
i The googledrive package is using a cached token for 'el.meletis@gmail.com'.
File downloaded:
* 'Dataset Cases UTH_Official'
  <id: 1gdWDhELYMU0lmCQz3po3Ydb7Eb1gF7j_NCs_xluCXQI>
Saved locally as:
* 'C:/Users/LefMel/Documents/EVI Uth\file37d47c2c370f.zip'
Warning message:
package 'rlist' was built under R version 4.1.3 
! Using an auto-discovered, cached token.
  To suppress this message, modify your code or options to clearly consent to
  the use of a cached token.
  See gargle's "Non-interactive auth" vignette for more details:
  <https://gargle.r-lib.org/articles/non-interactive-auth.html>
i The googledrive package is using a cached token for 'el.meletis@gmail.com'.
File downloaded:
* 'Dataset Cases UTH_Official'
  <id: 1gdWDhELYMU0lmCQz3po3Ydb7Eb1gF7j_NCs_xluCXQI>
Saved locally as:
* 'C:/Users/LefMel/Documents/EVI Uth\file490295837d0.zip'
Warning message:
package 'rlist' was built under R version 4.1.3 
! Using an auto-discovered, cached token.
  To suppress this message, modify your code or options to clearly consent to
  the use of a cached token.
  See gargle's "Non-interactive auth" vignette for more details:
  <https://gargle.r-lib.org/articles/non-interactive-auth.html>
i The googledrive package is using a cached token for 'el.meletis@gmail.com'.
File downloaded:
* 'Dataset Cases UTH_Official'
  <id: 1gdWDhELYMU0lmCQz3po3Ydb7Eb1gF7j_NCs_xluCXQI>
Saved locally as:
* 'C:/Users/LefMel/Documents/EVI Uth\file1de4813893.zip'
Warning message:
package 'rlist' was built under R version 4.1.3 
! Using an auto-discovered, cached token.
  To suppress this message, modify your code or options to clearly consent to
  the use of a cached token.
  See gargle's "Non-interactive auth" vignette for more details:
  <https://gargle.r-lib.org/articles/non-interactive-auth.html>
i The googledrive package is using a cached token for 'el.meletis@gmail.com'.
File downloaded:
* 'Dataset Cases UTH_Official'
  <id: 1gdWDhELYMU0lmCQz3po3Ydb7Eb1gF7j_NCs_xluCXQI>
Saved locally as:
* 'C:/Users/LefMel/Documents/EVI Uth\file25b857a93957.zip'
Warning message:
package 'rlist' was built under R version 4.1.3 
! Using an auto-discovered, cached token.
  To suppress this message, modify your code or options to clearly consent to
  the use of a cached token.
  See gargle's "Non-interactive auth" vignette for more details:
  <https://gargle.r-lib.org/articles/non-interactive-auth.html>
i The googledrive package is using a cached token for 'el.meletis@gmail.com'.
File downloaded:
* 'Dataset Cases UTH_Official'
  <id: 1gdWDhELYMU0lmCQz3po3Ydb7Eb1gF7j_NCs_xluCXQI>
Saved locally as:
* 'C:/Users/LefMel/Documents/EVI Uth\file5dc58ce3a1f.zip'
Warning message:
package 'rlist' was built under R version 4.1.3 
! Using an auto-discovered, cached token.
  To suppress this message, modify your code or options to clearly consent to
  the use of a cached token.
  See gargle's "Non-interactive auth" vignette for more details:
  <https://gargle.r-lib.org/articles/non-interactive-auth.html>
i The googledrive package is using a cached token for 'el.meletis@gmail.com'.
File downloaded:
* 'Dataset Cases UTH_Official'
  <id: 1gdWDhELYMU0lmCQz3po3Ydb7Eb1gF7j_NCs_xluCXQI>
Saved locally as:
* 'C:/Users/LefMel/Documents/EVI Uth\file22542ff63ae3.zip'
Warning message:
package 'rlist' was built under R version 4.1.3 
! Using an auto-discovered, cached token.
  To suppress this message, modify your code or options to clearly consent to
  the use of a cached token.
  See gargle's "Non-interactive auth" vignette for more details:
  <https://gargle.r-lib.org/articles/non-interactive-auth.html>
i The googledrive package is using a cached token for 'el.meletis@gmail.com'.
File downloaded:
* 'Dataset Cases UTH_Official'
  <id: 1gdWDhELYMU0lmCQz3po3Ydb7Eb1gF7j_NCs_xluCXQI>
Saved locally as:
* 'C:/Users/LefMel/Documents/EVI Uth\file1d885d223ba3.zip'
Warning message:
package 'rlist' was built under R version 4.1.3 
! Using an auto-discovered, cached token.
  To suppress this message, modify your code or options to clearly consent to
  the use of a cached token.
  See gargle's "Non-interactive auth" vignette for more details:
  <https://gargle.r-lib.org/articles/non-interactive-auth.html>
i The googledrive package is using a cached token for 'el.meletis@gmail.com'.
File downloaded:
* 'Dataset Cases UTH_Official'
  <id: 1gdWDhELYMU0lmCQz3po3Ydb7Eb1gF7j_NCs_xluCXQI>
Saved locally as:
* 'C:/Users/LefMel/Documents/EVI Uth\file31045e473c6a.zip'
Warning message:
package 'rlist' was built under R version 4.1.3 
! Using an auto-discovered, cached token.
  To suppress this message, modify your code or options to clearly consent to
  the use of a cached token.
  See gargle's "Non-interactive auth" vignette for more details:
  <https://gargle.r-lib.org/articles/non-interactive-auth.html>
i The googledrive package is using a cached token for 'el.meletis@gmail.com'.
File downloaded:
* 'Dataset Cases UTH_Official'
  <id: 1gdWDhELYMU0lmCQz3po3Ydb7Eb1gF7j_NCs_xluCXQI>
Saved locally as:
* 'C:/Users/LefMel/Documents/EVI Uth\file2230b733d2b.zip'
Warning message:
package 'rlist' was built under R version 4.1.3 
! Using an auto-discovered, cached token.
  To suppress this message, modify your code or options to clearly consent to
  the use of a cached token.
  See gargle's "Non-interactive auth" vignette for more details:
  <https://gargle.r-lib.org/articles/non-interactive-auth.html>
i The googledrive package is using a cached token for 'el.meletis@gmail.com'.
File downloaded:
* 'Dataset Cases UTH_Official'
  <id: 1gdWDhELYMU0lmCQz3po3Ydb7Eb1gF7j_NCs_xluCXQI>
Saved locally as:
* 'C:/Users/LefMel/Documents/EVI Uth\file784629c3def.zip'
Warning message:
package 'rlist' was built under R version 4.1.3 
! Using an auto-discovered, cached token.
  To suppress this message, modify your code or options to clearly consent to
  the use of a cached token.
  See gargle's "Non-interactive auth" vignette for more details:
  <https://gargle.r-lib.org/articles/non-interactive-auth.html>
i The googledrive package is using a cached token for 'el.meletis@gmail.com'.
File downloaded:
* 'Dataset Cases UTH_Official'
  <id: 1gdWDhELYMU0lmCQz3po3Ydb7Eb1gF7j_NCs_xluCXQI>
Saved locally as:
* 'C:/Users/LefMel/Documents/EVI Uth\file27ac63c03eb6.zip'
Warning message:
package 'rlist' was built under R version 4.1.3 
! Using an auto-discovered, cached token.
  To suppress this message, modify your code or options to clearly consent to
  the use of a cached token.
  See gargle's "Non-interactive auth" vignette for more details:
  <https://gargle.r-lib.org/articles/non-interactive-auth.html>
i The googledrive package is using a cached token for 'el.meletis@gmail.com'.
File downloaded:
* 'Dataset Cases UTH_Official'
  <id: 1gdWDhELYMU0lmCQz3po3Ydb7Eb1gF7j_NCs_xluCXQI>
Saved locally as:
* 'C:/Users/LefMel/Documents/EVI Uth\file25883ae93f7a.zip'
Warning message:
package 'rlist' was built under R version 4.1.3 
! Using an auto-discovered, cached token.
  To suppress this message, modify your code or options to clearly consent to
  the use of a cached token.
  See gargle's "Non-interactive auth" vignette for more details:
  <https://gargle.r-lib.org/articles/non-interactive-auth.html>
i The googledrive package is using a cached token for 'el.meletis@gmail.com'.
File downloaded:
* 'Dataset Cases UTH_Official'
  <id: 1gdWDhELYMU0lmCQz3po3Ydb7Eb1gF7j_NCs_xluCXQI>
Saved locally as:
* 'C:/Users/LefMel/Documents/EVI Uth\file1ddc6815403b.zip'
Warning message:
package 'rlist' was built under R version 4.1.3 
! Using an auto-discovered, cached token.
  To suppress this message, modify your code or options to clearly consent to
  the use of a cached token.
  See gargle's "Non-interactive auth" vignette for more details:
  <https://gargle.r-lib.org/articles/non-interactive-auth.html>
i The googledrive package is using a cached token for 'el.meletis@gmail.com'.
File downloaded:
* 'Dataset Cases UTH_Official'
  <id: 1gdWDhELYMU0lmCQz3po3Ydb7Eb1gF7j_NCs_xluCXQI>
Saved locally as:
* 'C:/Users/LefMel/Documents/EVI Uth\file2ddc3f3d40ff.zip'
Warning message:
package 'rlist' was built under R version 4.1.3 
! Using an auto-discovered, cached token.
  To suppress this message, modify your code or options to clearly consent to
  the use of a cached token.
  See gargle's "Non-interactive auth" vignette for more details:
  <https://gargle.r-lib.org/articles/non-interactive-auth.html>
i The googledrive package is using a cached token for 'el.meletis@gmail.com'.
File downloaded:
* 'Dataset Cases UTH_Official'
  <id: 1gdWDhELYMU0lmCQz3po3Ydb7Eb1gF7j_NCs_xluCXQI>
Saved locally as:
* 'C:/Users/LefMel/Documents/EVI Uth\file2dec406241c6.zip'
Warning message:
package 'rlist' was built under R version 4.1.3 
! Using an auto-discovered, cached token.
  To suppress this message, modify your code or options to clearly consent to
  the use of a cached token.
  See gargle's "Non-interactive auth" vignette for more details:
  <https://gargle.r-lib.org/articles/non-interactive-auth.html>
i The googledrive package is using a cached token for 'el.meletis@gmail.com'.
File downloaded:
* 'Dataset Cases UTH_Official'
  <id: 1gdWDhELYMU0lmCQz3po3Ydb7Eb1gF7j_NCs_xluCXQI>
Saved locally as:
* 'C:/Users/LefMel/Documents/EVI Uth\file2a38178a428a.zip'
Warning message:
package 'rlist' was built under R version 4.1.3 
! Using an auto-discovered, cached token.
  To suppress this message, modify your code or options to clearly consent to
  the use of a cached token.
  See gargle's "Non-interactive auth" vignette for more details:
  <https://gargle.r-lib.org/articles/non-interactive-auth.html>
i The googledrive package is using a cached token for 'el.meletis@gmail.com'.
File downloaded:
* 'Dataset Cases UTH_Official'
  <id: 1gdWDhELYMU0lmCQz3po3Ydb7Eb1gF7j_NCs_xluCXQI>
Saved locally as:
* 'C:/Users/LefMel/Documents/EVI Uth\file25b86eb3434e.zip'
Warning message:
package 'rlist' was built under R version 4.1.3 
! Using an auto-discovered, cached token.
  To suppress this message, modify your code or options to clearly consent to
  the use of a cached token.
  See gargle's "Non-interactive auth" vignette for more details:
  <https://gargle.r-lib.org/articles/non-interactive-auth.html>
i The googledrive package is using a cached token for 'el.meletis@gmail.com'.
File downloaded:
* 'Dataset Cases UTH_Official'
  <id: 1gdWDhELYMU0lmCQz3po3Ydb7Eb1gF7j_NCs_xluCXQI>
Saved locally as:
* 'C:/Users/LefMel/Documents/EVI Uth\file2e2445db4412.zip'
Warning message:
package 'rlist' was built under R version 4.1.3 
! Using an auto-discovered, cached token.
  To suppress this message, modify your code or options to clearly consent to
  the use of a cached token.
  See gargle's "Non-interactive auth" vignette for more details:
  <https://gargle.r-lib.org/articles/non-interactive-auth.html>
i The googledrive package is using a cached token for 'el.meletis@gmail.com'.
File downloaded:
* 'Dataset Cases UTH_Official'
  <id: 1gdWDhELYMU0lmCQz3po3Ydb7Eb1gF7j_NCs_xluCXQI>
Saved locally as:
* 'C:/Users/LefMel/Documents/EVI Uth\file2cb81d0344d6.zip'
Warning message:
package 'rlist' was built under R version 4.1.3 
! Using an auto-discovered, cached token.
  To suppress this message, modify your code or options to clearly consent to
  the use of a cached token.
  See gargle's "Non-interactive auth" vignette for more details:
  <https://gargle.r-lib.org/articles/non-interactive-auth.html>
i The googledrive package is using a cached token for 'el.meletis@gmail.com'.
File downloaded:
* 'Dataset Cases UTH_Official'
  <id: 1gdWDhELYMU0lmCQz3po3Ydb7Eb1gF7j_NCs_xluCXQI>
Saved locally as:
* 'C:/Users/LefMel/Documents/EVI Uth\file336c742c459a.zip'
Warning message:
package 'rlist' was built under R version 4.1.3 
! Using an auto-discovered, cached token.
  To suppress this message, modify your code or options to clearly consent to
  the use of a cached token.
  See gargle's "Non-interactive auth" vignette for more details:
  <https://gargle.r-lib.org/articles/non-interactive-auth.html>
i The googledrive package is using a cached token for 'el.meletis@gmail.com'.
File downloaded:
* 'Dataset Cases UTH_Official'
  <id: 1gdWDhELYMU0lmCQz3po3Ydb7Eb1gF7j_NCs_xluCXQI>
Saved locally as:
* 'C:/Users/LefMel/Documents/EVI Uth\fileac82158465a.zip'
Warning message:
package 'rlist' was built under R version 4.1.3 
! Using an auto-discovered, cached token.
  To suppress this message, modify your code or options to clearly consent to
  the use of a cached token.
  See gargle's "Non-interactive auth" vignette for more details:
  <https://gargle.r-lib.org/articles/non-interactive-auth.html>
i The googledrive package is using a cached token for 'el.meletis@gmail.com'.
File downloaded:
* 'Dataset Cases UTH_Official'
  <id: 1gdWDhELYMU0lmCQz3po3Ydb7Eb1gF7j_NCs_xluCXQI>
Saved locally as:
* 'C:/Users/LefMel/Documents/EVI Uth\file2710227d4721.zip'
Warning message:
package 'rlist' was built under R version 4.1.3 
! Using an auto-discovered, cached token.
  To suppress this message, modify your code or options to clearly consent to
  the use of a cached token.
  See gargle's "Non-interactive auth" vignette for more details:
  <https://gargle.r-lib.org/articles/non-interactive-auth.html>
i The googledrive package is using a cached token for 'el.meletis@gmail.com'.
File downloaded:
* 'Dataset Cases UTH_Official'
  <id: 1gdWDhELYMU0lmCQz3po3Ydb7Eb1gF7j_NCs_xluCXQI>
Saved locally as:
* 'C:/Users/LefMel/Documents/EVI Uth\file1ae079a547e5.zip'
Warning message:
package 'rlist' was built under R version 4.1.3 
! Using an auto-discovered, cached token.
  To suppress this message, modify your code or options to clearly consent to
  the use of a cached token.
  See gargle's "Non-interactive auth" vignette for more details:
  <https://gargle.r-lib.org/articles/non-interactive-auth.html>
i The googledrive package is using a cached token for 'el.meletis@gmail.com'.
File downloaded:
* 'Dataset Cases UTH_Official'
  <id: 1gdWDhELYMU0lmCQz3po3Ydb7Eb1gF7j_NCs_xluCXQI>
Saved locally as:
* 'C:/Users/LefMel/Documents/EVI Uth\file226450cd48a9.zip'
Warning message:
package 'rlist' was built under R version 4.1.3 
! Using an auto-discovered, cached token.
  To suppress this message, modify your code or options to clearly consent to
  the use of a cached token.
  See gargle's "Non-interactive auth" vignette for more details:
  <https://gargle.r-lib.org/articles/non-interactive-auth.html>
i The googledrive package is using a cached token for 'el.meletis@gmail.com'.
File downloaded:
* 'Dataset Cases UTH_Official'
  <id: 1gdWDhELYMU0lmCQz3po3Ydb7Eb1gF7j_NCs_xluCXQI>
Saved locally as:
* 'C:/Users/LefMel/Documents/EVI Uth\file2c307df9496a.zip'
Warning message:
package 'rlist' was built under R version 4.1.3 
! Using an auto-discovered, cached token.
  To suppress this message, modify your code or options to clearly consent to
  the use of a cached token.
  See gargle's "Non-interactive auth" vignette for more details:
  <https://gargle.r-lib.org/articles/non-interactive-auth.html>
i The googledrive package is using a cached token for 'el.meletis@gmail.com'.
File downloaded:
* 'Dataset Cases UTH_Official'
  <id: 1gdWDhELYMU0lmCQz3po3Ydb7Eb1gF7j_NCs_xluCXQI>
Saved locally as:
* 'C:/Users/LefMel/Documents/EVI Uth\file28ec55224a2e.zip'
